Determining if the pthread_create exist failed with the following output:
Change Dir: /home/eduardo/ws/kobuki/build/CMakeFiles/CMakeTmp

Run Build Command:"/usr/bin/make" "cmTC_005e9/fast"
/usr/bin/make -f CMakeFiles/cmTC_005e9.dir/build.make CMakeFiles/cmTC_005e9.dir/build
make[1]: se entra en el directorio '/home/eduardo/ws/kobuki/build/CMakeFiles/CMakeTmp'
Building C object CMakeFiles/cmTC_005e9.dir/CheckSymbolExists.c.o
/usr/bin/cc     -o CMakeFiles/cmTC_005e9.dir/CheckSymbolExists.c.o   -c /home/eduardo/ws/kobuki/build/CMakeFiles/CMakeTmp/CheckSymbolExists.c
Linking C executable cmTC_005e9
/usr/bin/cmake -E cmake_link_script CMakeFiles/cmTC_005e9.dir/link.txt --verbose=1
/usr/bin/cc       CMakeFiles/cmTC_005e9.dir/CheckSymbolExists.c.o  -o cmTC_005e9 -rdynamic 
CMakeFiles/cmTC_005e9.dir/CheckSymbolExists.c.o: En la función `main':
CheckSymbolExists.c:(.text+0x16): referencia a `pthread_create' sin definir
collect2: error: ld returned 1 exit status
CMakeFiles/cmTC_005e9.dir/build.make:97: fallo en las instrucciones para el objetivo 'cmTC_005e9'
make[1]: *** [cmTC_005e9] Error 1
make[1]: se sale del directorio '/home/eduardo/ws/kobuki/build/CMakeFiles/CMakeTmp'
Makefile:126: fallo en las instrucciones para el objetivo 'cmTC_005e9/fast'
make: *** [cmTC_005e9/fast] Error 2

File /home/eduardo/ws/kobuki/build/CMakeFiles/CMakeTmp/CheckSymbolExists.c:
/* */
#include <pthread.h>

int main(int argc, char** argv)
{
  (void)argv;
#ifndef pthread_create
  return ((int*)(&pthread_create))[argc];
#else
  (void)argc;
  return 0;
#endif
}

Determining if the function pthread_create exists in the pthreads failed with the following output:
Change Dir: /home/eduardo/ws/kobuki/build/CMakeFiles/CMakeTmp

Run Build Command:"/usr/bin/make" "cmTC_67a59/fast"
/usr/bin/make -f CMakeFiles/cmTC_67a59.dir/build.make CMakeFiles/cmTC_67a59.dir/build
make[1]: se entra en el directorio '/home/eduardo/ws/kobuki/build/CMakeFiles/CMakeTmp'
Building C object CMakeFiles/cmTC_67a59.dir/CheckFunctionExists.c.o
/usr/bin/cc    -DCHECK_FUNCTION_EXISTS=pthread_create   -o CMakeFiles/cmTC_67a59.dir/CheckFunctionExists.c.o   -c /usr/share/cmake-3.5/Modules/CheckFunctionExists.c
Linking C executable cmTC_67a59
/usr/bin/cmake -E cmake_link_script CMakeFiles/cmTC_67a59.dir/link.txt --verbose=1
/usr/bin/cc   -DCHECK_FUNCTION_EXISTS=pthread_create    CMakeFiles/cmTC_67a59.dir/CheckFunctionExists.c.o  -o cmTC_67a59 -rdynamic -lpthreads 
/usr/bin/ld: no se puede encontrar -lpthreads
collect2: error: ld returned 1 exit status
CMakeFiles/cmTC_67a59.dir/build.make:97: fallo en las instrucciones para el objetivo 'cmTC_67a59'
make[1]: *** [cmTC_67a59] Error 1
make[1]: se sale del directorio '/home/eduardo/ws/kobuki/build/CMakeFiles/CMakeTmp'
Makefile:126: fallo en las instrucciones para el objetivo 'cmTC_67a59/fast'
make: *** [cmTC_67a59/fast] Error 2


